<?xml version="1.0" encoding="UTF-8"?>
<testng-results skipped="0" failed="0" ignored="0" total="1" passed="1">
  <reporter-output>
  </reporter-output>
  <suite name="Default suite" duration-ms="65323" started-at="2022-04-14T06:20:35Z" finished-at="2022-04-14T06:21:40Z">
    <groups>
    </groups>
    <test name="Default test" duration-ms="65323" started-at="2022-04-14T06:20:35Z" finished-at="2022-04-14T06:21:40Z">
      <class name="WebApp.Demo1">
        <test-method status="PASS" signature="BT()[pri:0, instance:WebApp.Demo1@7920ba90]" name="BT" is-config="true" duration-ms="29023" started-at="2022-04-14T06:20:35Z" finished-at="2022-04-14T06:21:04Z">
          <reporter-output>
          </reporter-output>
        </test-method> <!-- BT -->
        <test-method status="PASS" signature="testcase1()[pri:0, instance:WebApp.Demo1@7920ba90]" name="testcase1" duration-ms="36233" started-at="2022-04-14T06:21:04Z" finished-at="2022-04-14T06:21:40Z">
          <reporter-output>
          </reporter-output>
        </test-method> <!-- testcase1 -->
      </class> <!-- WebApp.Demo1 -->
    </test> <!-- Default test -->
  </suite> <!-- Default suite -->
</testng-results>
